{"/Users/dennisesandoval/Desktop/PruebaTecnica/src/app.ts": {"path":"/Users/dennisesandoval/Desktop/PruebaTecnica/src/app.ts","statementMap":{"0":{"start":{"line":1,"column":0},"end":{"line":1,"column":29}},"1":{"start":{"line":2,"column":0},"end":{"line":2,"column":27}},"2":{"start":{"line":3,"column":0},"end":{"line":3,"column":23}},"3":{"start":{"line":4,"column":0},"end":{"line":4,"column":49}},"4":{"start":{"line":5,"column":0},"end":{"line":5,"column":51}},"5":{"start":{"line":6,"column":0},"end":{"line":6,"column":53}},"6":{"start":{"line":9,"column":12},"end":{"line":9,"column":21}},"7":{"start":{"line":11,"column":0},"end":{"line":11,"column":null}},"8":{"start":{"line":12,"column":0},"end":{"line":12,"column":null}},"9":{"start":{"line":13,"column":0},"end":{"line":13,"column":null}},"10":{"start":{"line":15,"column":0},"end":{"line":15,"column":null}},"11":{"start":{"line":17,"column":0},"end":{"line":17,"column":19}}},"fnMap":{},"branchMap":{},"s":{"0":1,"1":1,"2":1,"3":1,"4":1,"5":1,"6":1,"7":1,"8":1,"9":1,"10":1,"11":1},"f":{},"b":{}}
,"/Users/dennisesandoval/Desktop/PruebaTecnica/src/controllers/account.controllers.ts": {"path":"/Users/dennisesandoval/Desktop/PruebaTecnica/src/controllers/account.controllers.ts","statementMap":{"0":{"start":{"line":2,"column":0},"end":{"line":2,"column":46}},"1":{"start":{"line":3,"column":0},"end":{"line":3,"column":44}},"2":{"start":{"line":5,"column":33},"end":{"line":38,"column":2}},"3":{"start":{"line":5,"column":71},"end":{"line":38,"column":2}},"4":{"start":{"line":6,"column":2},"end":{"line":37,"column":null}},"5":{"start":{"line":8,"column":6},"end":{"line":8,"column":14}},"6":{"start":{"line":9,"column":19},"end":{"line":9,"column":31}},"7":{"start":{"line":10,"column":19},"end":{"line":10,"column":73}},"8":{"start":{"line":11,"column":4},"end":{"line":13,"column":null}},"9":{"start":{"line":12,"column":6},"end":{"line":12,"column":67}},"10":{"start":{"line":14,"column":24},"end":{"line":14,"column":37}},"11":{"start":{"line":16,"column":4},"end":{"line":16,"column":46}},"12":{"start":{"line":17,"column":4},"end":{"line":17,"column":42}},"13":{"start":{"line":18,"column":4},"end":{"line":18,"column":48}},"14":{"start":{"line":19,"column":4},"end":{"line":19,"column":30}},"15":{"start":{"line":20,"column":4},"end":{"line":20,"column":44}},"16":{"start":{"line":22,"column":4},"end":{"line":22,"column":29}},"17":{"start":{"line":24,"column":17},"end":{"line":30,"column":6}},"18":{"start":{"line":31,"column":4},"end":{"line":31,"column":29}},"19":{"start":{"line":32,"column":4},"end":{"line":32,"column":26}},"20":{"start":{"line":34,"column":4},"end":{"line":36,"column":null}},"21":{"start":{"line":35,"column":6},"end":{"line":35,"column":62}},"22":{"start":{"line":5,"column":13},"end":{"line":5,"column":33}},"23":{"start":{"line":39,"column":29},"end":{"line":52,"column":2}},"24":{"start":{"line":39,"column":67},"end":{"line":52,"column":2}},"25":{"start":{"line":40,"column":2},"end":{"line":51,"column":null}},"26":{"start":{"line":41,"column":20},"end":{"line":41,"column":73}},"27":{"start":{"line":43,"column":4},"end":{"line":43,"column":59}},"28":{"start":{"line":44,"column":4},"end":{"line":44,"column":79}},"29":{"start":{"line":44,"column":18},"end":{"line":44,"column":79}},"30":{"start":{"line":46,"column":4},"end":{"line":46,"column":31}},"31":{"start":{"line":48,"column":4},"end":{"line":50,"column":null}},"32":{"start":{"line":49,"column":6},"end":{"line":49,"column":62}},"33":{"start":{"line":39,"column":13},"end":{"line":39,"column":29}},"34":{"start":{"line":53,"column":29},"end":{"line":67,"column":2}},"35":{"start":{"line":53,"column":67},"end":{"line":67,"column":2}},"36":{"start":{"line":54,"column":2},"end":{"line":66,"column":null}},"37":{"start":{"line":55,"column":20},"end":{"line":55,"column":70}},"38":{"start":{"line":57,"column":4},"end":{"line":59,"column":null}},"39":{"start":{"line":58,"column":6},"end":{"line":58,"column":67}},"40":{"start":{"line":61,"column":4},"end":{"line":61,"column":31}},"41":{"start":{"line":63,"column":4},"end":{"line":65,"column":null}},"42":{"start":{"line":64,"column":6},"end":{"line":64,"column":62}},"43":{"start":{"line":53,"column":13},"end":{"line":53,"column":29}}},"fnMap":{"0":{"name":"(anonymous_7)","decl":{"start":{"line":5,"column":33},"end":{"line":5,"column":40}},"loc":{"start":{"line":5,"column":71},"end":{"line":38,"column":2}}},"1":{"name":"(anonymous_8)","decl":{"start":{"line":5,"column":71},"end":{"line":5,"column":null}},"loc":{"start":{"line":5,"column":71},"end":{"line":38,"column":1}}},"2":{"name":"(anonymous_9)","decl":{"start":{"line":39,"column":29},"end":{"line":39,"column":36}},"loc":{"start":{"line":39,"column":67},"end":{"line":52,"column":2}}},"3":{"name":"(anonymous_10)","decl":{"start":{"line":39,"column":67},"end":{"line":39,"column":null}},"loc":{"start":{"line":39,"column":67},"end":{"line":52,"column":1}}},"4":{"name":"(anonymous_11)","decl":{"start":{"line":53,"column":29},"end":{"line":53,"column":36}},"loc":{"start":{"line":53,"column":67},"end":{"line":67,"column":2}}},"5":{"name":"(anonymous_12)","decl":{"start":{"line":53,"column":67},"end":{"line":53,"column":null}},"loc":{"start":{"line":53,"column":67},"end":{"line":67,"column":1}}}},"branchMap":{"0":{"loc":{"start":{"line":11,"column":4},"end":{"line":13,"column":null}},"type":"if","locations":[{"start":{"line":11,"column":4},"end":{"line":13,"column":null}}]},"1":{"loc":{"start":{"line":20,"column":25},"end":{"line":20,"column":43}},"type":"cond-expr","locations":[{"start":{"line":20,"column":25},"end":{"line":20,"column":31}},{"start":{"line":20,"column":35},"end":{"line":20,"column":43}}]},"2":{"loc":{"start":{"line":20,"column":25},"end":{"line":20,"column":35}},"type":"binary-expr","locations":[{"start":{"line":20,"column":25},"end":{"line":20,"column":35}},{"start":{"line":20,"column":25},"end":{"line":20,"column":35}}]},"3":{"loc":{"start":{"line":34,"column":4},"end":{"line":36,"column":null}},"type":"if","locations":[{"start":{"line":34,"column":4},"end":{"line":36,"column":null}}]},"4":{"loc":{"start":{"line":44,"column":4},"end":{"line":44,"column":79}},"type":"if","locations":[{"start":{"line":44,"column":4},"end":{"line":44,"column":79}}]},"5":{"loc":{"start":{"line":48,"column":4},"end":{"line":50,"column":null}},"type":"if","locations":[{"start":{"line":48,"column":4},"end":{"line":50,"column":null}}]},"6":{"loc":{"start":{"line":57,"column":4},"end":{"line":59,"column":null}},"type":"if","locations":[{"start":{"line":57,"column":4},"end":{"line":59,"column":null}}]},"7":{"loc":{"start":{"line":63,"column":4},"end":{"line":65,"column":null}},"type":"if","locations":[{"start":{"line":63,"column":4},"end":{"line":65,"column":null}}]}},"s":{"0":1,"1":1,"2":1,"3":0,"4":0,"5":0,"6":0,"7":0,"8":0,"9":0,"10":0,"11":0,"12":0,"13":0,"14":0,"15":0,"16":0,"17":0,"18":0,"19":0,"20":0,"21":0,"22":1,"23":1,"24":0,"25":0,"26":0,"27":0,"28":0,"29":0,"30":0,"31":0,"32":0,"33":1,"34":1,"35":0,"36":0,"37":0,"38":0,"39":0,"40":0,"41":0,"42":0,"43":1},"f":{"0":0,"1":0,"2":0,"3":0,"4":0,"5":0},"b":{"0":[0],"1":[0,0],"2":[0,0],"3":[0],"4":[0],"5":[0],"6":[0],"7":[0]}}
,"/Users/dennisesandoval/Desktop/PruebaTecnica/src/controllers/client.controllers.ts": {"path":"/Users/dennisesandoval/Desktop/PruebaTecnica/src/controllers/client.controllers.ts","statementMap":{"0":{"start":{"line":2,"column":0},"end":{"line":2,"column":44}},"1":{"start":{"line":3,"column":0},"end":{"line":3,"column":44}},"2":{"start":{"line":5,"column":28},"end":{"line":34,"column":2}},"3":{"start":{"line":5,"column":66},"end":{"line":34,"column":2}},"4":{"start":{"line":6,"column":2},"end":{"line":33,"column":null}},"5":{"start":{"line":7,"column":71},"end":{"line":7,"column":79}},"6":{"start":{"line":8,"column":19},"end":{"line":8,"column":31}},"7":{"start":{"line":9,"column":4},"end":{"line":9,"column":31}},"8":{"start":{"line":10,"column":4},"end":{"line":10,"column":25}},"9":{"start":{"line":12,"column":18},"end":{"line":12,"column":30}},"10":{"start":{"line":13,"column":4},"end":{"line":13,"column":22}},"11":{"start":{"line":14,"column":4},"end":{"line":14,"column":26}},"12":{"start":{"line":15,"column":4},"end":{"line":15,"column":20}},"13":{"start":{"line":16,"column":4},"end":{"line":16,"column":17}},"14":{"start":{"line":17,"column":4},"end":{"line":17,"column":27}},"15":{"start":{"line":18,"column":4},"end":{"line":18,"column":24}},"16":{"start":{"line":19,"column":4},"end":{"line":19,"column":26}},"17":{"start":{"line":20,"column":4},"end":{"line":20,"column":22}},"18":{"start":{"line":21,"column":4},"end":{"line":21,"column":26}},"19":{"start":{"line":22,"column":4},"end":{"line":22,"column":20}},"20":{"start":{"line":23,"column":4},"end":{"line":23,"column":17}},"21":{"start":{"line":24,"column":4},"end":{"line":24,"column":27}},"22":{"start":{"line":25,"column":4},"end":{"line":25,"column":24}},"23":{"start":{"line":27,"column":4},"end":{"line":27,"column":24}},"24":{"start":{"line":28,"column":4},"end":{"line":28,"column":28}},"25":{"start":{"line":30,"column":4},"end":{"line":32,"column":null}},"26":{"start":{"line":31,"column":8},"end":{"line":31,"column":62}},"27":{"start":{"line":5,"column":13},"end":{"line":5,"column":28}},"28":{"start":{"line":35,"column":27},"end":{"line":49,"column":null}},"29":{"start":{"line":35,"column":63},"end":{"line":49,"column":null}},"30":{"start":{"line":36,"column":2},"end":{"line":48,"column":null}},"31":{"start":{"line":37,"column":18},"end":{"line":37,"column":66}},"32":{"start":{"line":39,"column":2},"end":{"line":39,"column":null}},"33":{"start":{"line":40,"column":2},"end":{"line":40,"column":null}},"34":{"start":{"line":41,"column":2},"end":{"line":41,"column":null}},"35":{"start":{"line":41,"column":14},"end":{"line":41,"column":null}},"36":{"start":{"line":43,"column":2},"end":{"line":43,"column":29}},"37":{"start":{"line":45,"column":4},"end":{"line":47,"column":null}},"38":{"start":{"line":46,"column":6},"end":{"line":46,"column":60}},"39":{"start":{"line":35,"column":13},"end":{"line":35,"column":27}},"40":{"start":{"line":50,"column":27},"end":{"line":64,"column":null}},"41":{"start":{"line":50,"column":63},"end":{"line":64,"column":null}},"42":{"start":{"line":51,"column":2},"end":{"line":63,"column":null}},"43":{"start":{"line":52,"column":18},"end":{"line":52,"column":63}},"44":{"start":{"line":54,"column":4},"end":{"line":56,"column":null}},"45":{"start":{"line":55,"column":6},"end":{"line":55,"column":null}},"46":{"start":{"line":58,"column":2},"end":{"line":58,"column":29}},"47":{"start":{"line":60,"column":4},"end":{"line":62,"column":null}},"48":{"start":{"line":61,"column":6},"end":{"line":61,"column":60}},"49":{"start":{"line":50,"column":13},"end":{"line":50,"column":27}}},"fnMap":{"0":{"name":"(anonymous_7)","decl":{"start":{"line":5,"column":28},"end":{"line":5,"column":35}},"loc":{"start":{"line":5,"column":66},"end":{"line":34,"column":2}}},"1":{"name":"(anonymous_8)","decl":{"start":{"line":5,"column":66},"end":{"line":5,"column":null}},"loc":{"start":{"line":5,"column":66},"end":{"line":34,"column":1}}},"2":{"name":"(anonymous_9)","decl":{"start":{"line":35,"column":27},"end":{"line":35,"column":33}},"loc":{"start":{"line":35,"column":63},"end":{"line":49,"column":null}}},"3":{"name":"(anonymous_10)","decl":{"start":{"line":35,"column":63},"end":{"line":35,"column":null}},"loc":{"start":{"line":35,"column":63},"end":{"line":49,"column":1}}},"4":{"name":"(anonymous_11)","decl":{"start":{"line":50,"column":27},"end":{"line":50,"column":33}},"loc":{"start":{"line":50,"column":63},"end":{"line":64,"column":null}}},"5":{"name":"(anonymous_12)","decl":{"start":{"line":50,"column":63},"end":{"line":50,"column":null}},"loc":{"start":{"line":50,"column":63},"end":{"line":64,"column":1}}}},"branchMap":{"0":{"loc":{"start":{"line":30,"column":4},"end":{"line":32,"column":null}},"type":"if","locations":[{"start":{"line":30,"column":4},"end":{"line":32,"column":null}}]},"1":{"loc":{"start":{"line":41,"column":2},"end":{"line":41,"column":null}},"type":"if","locations":[{"start":{"line":41,"column":2},"end":{"line":41,"column":null}}]},"2":{"loc":{"start":{"line":45,"column":4},"end":{"line":47,"column":null}},"type":"if","locations":[{"start":{"line":45,"column":4},"end":{"line":47,"column":null}}]},"3":{"loc":{"start":{"line":54,"column":4},"end":{"line":56,"column":null}},"type":"if","locations":[{"start":{"line":54,"column":4},"end":{"line":56,"column":null}}]},"4":{"loc":{"start":{"line":60,"column":4},"end":{"line":62,"column":null}},"type":"if","locations":[{"start":{"line":60,"column":4},"end":{"line":62,"column":null}}]}},"s":{"0":1,"1":1,"2":1,"3":0,"4":0,"5":0,"6":0,"7":0,"8":0,"9":0,"10":0,"11":0,"12":0,"13":0,"14":0,"15":0,"16":0,"17":0,"18":0,"19":0,"20":0,"21":0,"22":0,"23":0,"24":0,"25":0,"26":0,"27":1,"28":1,"29":0,"30":0,"31":0,"32":0,"33":0,"34":0,"35":0,"36":0,"37":0,"38":0,"39":1,"40":1,"41":0,"42":0,"43":0,"44":0,"45":0,"46":0,"47":0,"48":0,"49":1},"f":{"0":0,"1":0,"2":0,"3":0,"4":0,"5":0},"b":{"0":[0],"1":[0],"2":[0],"3":[0],"4":[0]}}
,"/Users/dennisesandoval/Desktop/PruebaTecnica/src/controllers/movements.controllers.ts": {"path":"/Users/dennisesandoval/Desktop/PruebaTecnica/src/controllers/movements.controllers.ts","statementMap":{"0":{"start":{"line":2,"column":0},"end":{"line":2,"column":46}},"1":{"start":{"line":3,"column":0},"end":{"line":3,"column":44}},"2":{"start":{"line":4,"column":0},"end":{"line":4,"column":48}},"3":{"start":{"line":6,"column":30},"end":{"line":56,"column":2}},"4":{"start":{"line":6,"column":68},"end":{"line":56,"column":2}},"5":{"start":{"line":7,"column":2},"end":{"line":55,"column":null}},"6":{"start":{"line":8,"column":36},"end":{"line":8,"column":44}},"7":{"start":{"line":10,"column":19},"end":{"line":10,"column":90}},"8":{"start":{"line":11,"column":4},"end":{"line":13,"column":null}},"9":{"start":{"line":12,"column":8},"end":{"line":12,"column":71}},"10":{"start":{"line":15,"column":21},"end":{"line":15,"column":35}},"11":{"start":{"line":17,"column":24},"end":{"line":20,"column":45}},"12":{"start":{"line":22,"column":4},"end":{"line":22,"column":null}},"13":{"start":{"line":23,"column":23},"end":{"line":23,"column":89}},"14":{"start":{"line":24,"column":19},"end":{"line":24,"column":38}},"15":{"start":{"line":25,"column":4},"end":{"line":27,"column":null}},"16":{"start":{"line":26,"column":8},"end":{"line":26,"column":70}},"17":{"start":{"line":28,"column":16},"end":{"line":28,"column":26}},"18":{"start":{"line":29,"column":22},"end":{"line":29,"column":36}},"19":{"start":{"line":30,"column":4},"end":{"line":30,"column":38}},"20":{"start":{"line":32,"column":4},"end":{"line":32,"column":32}},"21":{"start":{"line":33,"column":4},"end":{"line":33,"column":null}},"22":{"start":{"line":34,"column":4},"end":{"line":34,"column":26}},"23":{"start":{"line":35,"column":4},"end":{"line":35,"column":47}},"24":{"start":{"line":36,"column":4},"end":{"line":36,"column":30}},"25":{"start":{"line":38,"column":4},"end":{"line":38,"column":26}},"26":{"start":{"line":40,"column":28},"end":{"line":48,"column":null}},"27":{"start":{"line":49,"column":4},"end":{"line":49,"column":33}},"28":{"start":{"line":50,"column":4},"end":{"line":50,"column":37}},"29":{"start":{"line":52,"column":4},"end":{"line":54,"column":null}},"30":{"start":{"line":53,"column":8},"end":{"line":53,"column":62}},"31":{"start":{"line":6,"column":13},"end":{"line":6,"column":30}},"32":{"start":{"line":57,"column":27},"end":{"line":78,"column":null}},"33":{"start":{"line":57,"column":63},"end":{"line":78,"column":null}},"34":{"start":{"line":58,"column":2},"end":{"line":77,"column":null}},"35":{"start":{"line":59,"column":20},"end":{"line":70,"column":15}},"36":{"start":{"line":71,"column":2},"end":{"line":71,"column":null}},"37":{"start":{"line":72,"column":2},"end":{"line":72,"column":null}},"38":{"start":{"line":74,"column":4},"end":{"line":76,"column":null}},"39":{"start":{"line":75,"column":6},"end":{"line":75,"column":60}},"40":{"start":{"line":57,"column":13},"end":{"line":57,"column":27}},"41":{"start":{"line":79,"column":30},"end":{"line":100,"column":null}},"42":{"start":{"line":79,"column":66},"end":{"line":100,"column":null}},"43":{"start":{"line":80,"column":2},"end":{"line":99,"column":null}},"44":{"start":{"line":81,"column":20},"end":{"line":93,"column":15}},"45":{"start":{"line":94,"column":2},"end":{"line":94,"column":null}},"46":{"start":{"line":96,"column":4},"end":{"line":98,"column":null}},"47":{"start":{"line":97,"column":6},"end":{"line":97,"column":60}},"48":{"start":{"line":79,"column":13},"end":{"line":79,"column":30}},"49":{"start":{"line":101,"column":29},"end":{"line":114,"column":null}},"50":{"start":{"line":101,"column":65},"end":{"line":114,"column":null}},"51":{"start":{"line":102,"column":2},"end":{"line":113,"column":null}},"52":{"start":{"line":103,"column":20},"end":{"line":103,"column":72}},"53":{"start":{"line":105,"column":2},"end":{"line":105,"column":null}},"54":{"start":{"line":106,"column":2},"end":{"line":106,"column":null}},"55":{"start":{"line":106,"column":16},"end":{"line":106,"column":null}},"56":{"start":{"line":108,"column":2},"end":{"line":108,"column":29}},"57":{"start":{"line":110,"column":4},"end":{"line":112,"column":null}},"58":{"start":{"line":111,"column":6},"end":{"line":111,"column":60}},"59":{"start":{"line":101,"column":13},"end":{"line":101,"column":29}},"60":{"start":{"line":115,"column":29},"end":{"line":129,"column":null}},"61":{"start":{"line":115,"column":65},"end":{"line":129,"column":null}},"62":{"start":{"line":116,"column":2},"end":{"line":128,"column":null}},"63":{"start":{"line":117,"column":20},"end":{"line":117,"column":69}},"64":{"start":{"line":119,"column":4},"end":{"line":121,"column":null}},"65":{"start":{"line":120,"column":6},"end":{"line":120,"column":null}},"66":{"start":{"line":123,"column":2},"end":{"line":123,"column":29}},"67":{"start":{"line":125,"column":4},"end":{"line":127,"column":null}},"68":{"start":{"line":126,"column":6},"end":{"line":126,"column":60}},"69":{"start":{"line":115,"column":13},"end":{"line":115,"column":29}}},"fnMap":{"0":{"name":"(anonymous_7)","decl":{"start":{"line":6,"column":30},"end":{"line":6,"column":37}},"loc":{"start":{"line":6,"column":68},"end":{"line":56,"column":2}}},"1":{"name":"(anonymous_8)","decl":{"start":{"line":6,"column":68},"end":{"line":6,"column":null}},"loc":{"start":{"line":6,"column":68},"end":{"line":56,"column":1}}},"2":{"name":"(anonymous_9)","decl":{"start":{"line":57,"column":27},"end":{"line":57,"column":33}},"loc":{"start":{"line":57,"column":63},"end":{"line":78,"column":null}}},"3":{"name":"(anonymous_10)","decl":{"start":{"line":57,"column":63},"end":{"line":57,"column":null}},"loc":{"start":{"line":57,"column":63},"end":{"line":78,"column":1}}},"4":{"name":"(anonymous_11)","decl":{"start":{"line":79,"column":30},"end":{"line":79,"column":36}},"loc":{"start":{"line":79,"column":66},"end":{"line":100,"column":null}}},"5":{"name":"(anonymous_12)","decl":{"start":{"line":79,"column":66},"end":{"line":79,"column":null}},"loc":{"start":{"line":79,"column":66},"end":{"line":100,"column":1}}},"6":{"name":"(anonymous_13)","decl":{"start":{"line":101,"column":29},"end":{"line":101,"column":35}},"loc":{"start":{"line":101,"column":65},"end":{"line":114,"column":null}}},"7":{"name":"(anonymous_14)","decl":{"start":{"line":101,"column":65},"end":{"line":101,"column":null}},"loc":{"start":{"line":101,"column":65},"end":{"line":114,"column":1}}},"8":{"name":"(anonymous_15)","decl":{"start":{"line":115,"column":29},"end":{"line":115,"column":35}},"loc":{"start":{"line":115,"column":65},"end":{"line":129,"column":null}}},"9":{"name":"(anonymous_16)","decl":{"start":{"line":115,"column":65},"end":{"line":115,"column":null}},"loc":{"start":{"line":115,"column":65},"end":{"line":129,"column":1}}}},"branchMap":{"0":{"loc":{"start":{"line":11,"column":4},"end":{"line":13,"column":null}},"type":"if","locations":[{"start":{"line":11,"column":4},"end":{"line":13,"column":null}}]},"1":{"loc":{"start":{"line":23,"column":23},"end":{"line":23,"column":89}},"type":"cond-expr","locations":[{"start":{"line":23,"column":44},"end":{"line":23,"column":65}},{"start":{"line":23,"column":67},"end":{"line":23,"column":89}}]},"2":{"loc":{"start":{"line":23,"column":44},"end":{"line":23,"column":65}},"type":"cond-expr","locations":[{"start":{"line":23,"column":56},"end":{"line":23,"column":58}},{"start":{"line":23,"column":44},"end":{"line":23,"column":65}}]},"3":{"loc":{"start":{"line":23,"column":44},"end":{"line":23,"column":58}},"type":"binary-expr","locations":[{"start":{"line":23,"column":44},"end":{"line":23,"column":58}},{"start":{"line":23,"column":44},"end":{"line":23,"column":58}}]},"4":{"loc":{"start":{"line":25,"column":4},"end":{"line":27,"column":null}},"type":"if","locations":[{"start":{"line":25,"column":4},"end":{"line":27,"column":null}}]},"5":{"loc":{"start":{"line":25,"column":8},"end":{"line":25,"column":28}},"type":"binary-expr","locations":[{"start":{"line":25,"column":8},"end":{"line":25,"column":17}},{"start":{"line":25,"column":21},"end":{"line":25,"column":28}}]},"6":{"loc":{"start":{"line":52,"column":4},"end":{"line":54,"column":null}},"type":"if","locations":[{"start":{"line":52,"column":4},"end":{"line":54,"column":null}}]},"7":{"loc":{"start":{"line":74,"column":4},"end":{"line":76,"column":null}},"type":"if","locations":[{"start":{"line":74,"column":4},"end":{"line":76,"column":null}}]},"8":{"loc":{"start":{"line":96,"column":4},"end":{"line":98,"column":null}},"type":"if","locations":[{"start":{"line":96,"column":4},"end":{"line":98,"column":null}}]},"9":{"loc":{"start":{"line":106,"column":2},"end":{"line":106,"column":null}},"type":"if","locations":[{"start":{"line":106,"column":2},"end":{"line":106,"column":null}}]},"10":{"loc":{"start":{"line":110,"column":4},"end":{"line":112,"column":null}},"type":"if","locations":[{"start":{"line":110,"column":4},"end":{"line":112,"column":null}}]},"11":{"loc":{"start":{"line":119,"column":4},"end":{"line":121,"column":null}},"type":"if","locations":[{"start":{"line":119,"column":4},"end":{"line":121,"column":null}}]},"12":{"loc":{"start":{"line":125,"column":4},"end":{"line":127,"column":null}},"type":"if","locations":[{"start":{"line":125,"column":4},"end":{"line":127,"column":null}}]}},"s":{"0":1,"1":1,"2":1,"3":1,"4":0,"5":0,"6":0,"7":0,"8":0,"9":0,"10":0,"11":0,"12":0,"13":0,"14":0,"15":0,"16":0,"17":0,"18":0,"19":0,"20":0,"21":0,"22":0,"23":0,"24":0,"25":0,"26":0,"27":0,"28":0,"29":0,"30":0,"31":1,"32":1,"33":0,"34":0,"35":0,"36":0,"37":0,"38":0,"39":0,"40":1,"41":1,"42":0,"43":0,"44":0,"45":0,"46":0,"47":0,"48":1,"49":1,"50":0,"51":0,"52":0,"53":0,"54":0,"55":0,"56":0,"57":0,"58":0,"59":1,"60":1,"61":0,"62":0,"63":0,"64":0,"65":0,"66":0,"67":0,"68":0,"69":1},"f":{"0":0,"1":0,"2":0,"3":0,"4":0,"5":0,"6":0,"7":0,"8":0,"9":0},"b":{"0":[0],"1":[0,0],"2":[0,0],"3":[0,0],"4":[0],"5":[0,0],"6":[0],"7":[0],"8":[0],"9":[0],"10":[0],"11":[0],"12":[0]}}
,"/Users/dennisesandoval/Desktop/PruebaTecnica/src/entities/Account.ts": {"path":"/Users/dennisesandoval/Desktop/PruebaTecnica/src/entities/Account.ts","statementMap":{"0":{"start":{"line":1,"column":0},"end":{"line":1,"column":110}},"1":{"start":{"line":2,"column":0},"end":{"line":2,"column":34}},"2":{"start":{"line":3,"column":0},"end":{"line":3,"column":38}},"3":{"start":{"line":6,"column":7},"end":{"line":28,"column":null}},"4":{"start":{"line":7,"column":2},"end":{"line":8,"column":null}},"5":{"start":{"line":10,"column":2},"end":{"line":11,"column":null}},"6":{"start":{"line":13,"column":2},"end":{"line":14,"column":null}},"7":{"start":{"line":16,"column":2},"end":{"line":17,"column":null}},"8":{"start":{"line":19,"column":2},"end":{"line":20,"column":null}},"9":{"start":{"line":22,"column":2},"end":{"line":24,"column":null}},"10":{"start":{"line":22,"column":18},"end":{"line":22,"column":24}},"11":{"start":{"line":22,"column":34},"end":{"line":22,"column":49}},"12":{"start":{"line":26,"column":2},"end":{"line":27,"column":null}},"13":{"start":{"line":26,"column":20},"end":{"line":26,"column":28}},"14":{"start":{"line":26,"column":42},"end":{"line":26,"column":58}},"15":{"start":{"line":6,"column":13},"end":{"line":28,"column":null}},"16":{"start":{"line":6,"column":13},"end":{"line":6,"column":20}}},"fnMap":{"0":{"name":"(anonymous_2)","decl":{"start":{"line":22,"column":13},"end":{"line":22,"column":15}},"loc":{"start":{"line":22,"column":18},"end":{"line":22,"column":24}}},"1":{"name":"(anonymous_3)","decl":{"start":{"line":22,"column":26},"end":{"line":22,"column":32}},"loc":{"start":{"line":22,"column":34},"end":{"line":22,"column":49}}},"2":{"name":"(anonymous_4)","decl":{"start":{"line":26,"column":14},"end":{"line":26,"column":17}},"loc":{"start":{"line":26,"column":20},"end":{"line":26,"column":28}}},"3":{"name":"(anonymous_5)","decl":{"start":{"line":26,"column":30},"end":{"line":26,"column":38}},"loc":{"start":{"line":26,"column":42},"end":{"line":26,"column":58}}}},"branchMap":{},"s":{"0":1,"1":1,"2":1,"3":1,"4":1,"5":1,"6":1,"7":1,"8":1,"9":1,"10":0,"11":0,"12":1,"13":0,"14":0,"15":1,"16":1},"f":{"0":0,"1":0,"2":0,"3":0},"b":{}}
,"/Users/dennisesandoval/Desktop/PruebaTecnica/src/entities/Client.ts": {"path":"/Users/dennisesandoval/Desktop/PruebaTecnica/src/entities/Client.ts","statementMap":{"0":{"start":{"line":1,"column":0},"end":{"line":1,"column":97}},"1":{"start":{"line":2,"column":0},"end":{"line":2,"column":36}},"2":{"start":{"line":3,"column":0},"end":{"line":3,"column":34}},"3":{"start":{"line":6,"column":7},"end":{"line":22,"column":null}},"4":{"start":{"line":7,"column":2},"end":{"line":8,"column":null}},"5":{"start":{"line":10,"column":2},"end":{"line":11,"column":null}},"6":{"start":{"line":13,"column":2},"end":{"line":14,"column":null}},"7":{"start":{"line":16,"column":2},"end":{"line":18,"column":null}},"8":{"start":{"line":16,"column":20},"end":{"line":16,"column":26}},"9":{"start":{"line":16,"column":38},"end":{"line":16,"column":51}},"10":{"start":{"line":20,"column":2},"end":{"line":21,"column":null}},"11":{"start":{"line":20,"column":20},"end":{"line":20,"column":27}},"12":{"start":{"line":20,"column":40},"end":{"line":20,"column":54}},"13":{"start":{"line":6,"column":13},"end":{"line":22,"column":null}},"14":{"start":{"line":6,"column":13},"end":{"line":6,"column":19}}},"fnMap":{"0":{"name":"(anonymous_2)","decl":{"start":{"line":16,"column":12},"end":{"line":16,"column":16}},"loc":{"start":{"line":16,"column":20},"end":{"line":16,"column":26}}},"1":{"name":"(anonymous_3)","decl":{"start":{"line":16,"column":28},"end":{"line":16,"column":34}},"loc":{"start":{"line":16,"column":38},"end":{"line":16,"column":51}}},"2":{"name":"(anonymous_4)","decl":{"start":{"line":20,"column":14},"end":{"line":20,"column":17}},"loc":{"start":{"line":20,"column":20},"end":{"line":20,"column":27}}},"3":{"name":"(anonymous_5)","decl":{"start":{"line":20,"column":29},"end":{"line":20,"column":36}},"loc":{"start":{"line":20,"column":40},"end":{"line":20,"column":54}}}},"branchMap":{},"s":{"0":1,"1":1,"2":1,"3":1,"4":1,"5":1,"6":1,"7":1,"8":0,"9":0,"10":1,"11":0,"12":0,"13":1,"14":1},"f":{"0":0,"1":0,"2":0,"3":0},"b":{}}
,"/Users/dennisesandoval/Desktop/PruebaTecnica/src/entities/Movement.ts": {"path":"/Users/dennisesandoval/Desktop/PruebaTecnica/src/entities/Movement.ts","statementMap":{"0":{"start":{"line":1,"column":0},"end":{"line":1,"column":99}},"1":{"start":{"line":2,"column":0},"end":{"line":2,"column":36}},"2":{"start":{"line":5,"column":7},"end":{"line":24,"column":null}},"3":{"start":{"line":6,"column":2},"end":{"line":7,"column":null}},"4":{"start":{"line":9,"column":2},"end":{"line":10,"column":null}},"5":{"start":{"line":12,"column":2},"end":{"line":13,"column":null}},"6":{"start":{"line":15,"column":2},"end":{"line":16,"column":null}},"7":{"start":{"line":18,"column":2},"end":{"line":19,"column":null}},"8":{"start":{"line":21,"column":2},"end":{"line":23,"column":null}},"9":{"start":{"line":21,"column":18},"end":{"line":21,"column":25}},"10":{"start":{"line":21,"column":36},"end":{"line":21,"column":53}},"11":{"start":{"line":5,"column":13},"end":{"line":24,"column":null}},"12":{"start":{"line":5,"column":13},"end":{"line":5,"column":21}}},"fnMap":{"0":{"name":"(anonymous_2)","decl":{"start":{"line":21,"column":13},"end":{"line":21,"column":15}},"loc":{"start":{"line":21,"column":18},"end":{"line":21,"column":25}}},"1":{"name":"(anonymous_3)","decl":{"start":{"line":21,"column":27},"end":{"line":21,"column":34}},"loc":{"start":{"line":21,"column":36},"end":{"line":21,"column":53}}}},"branchMap":{},"s":{"0":1,"1":1,"2":1,"3":1,"4":1,"5":1,"6":1,"7":1,"8":1,"9":0,"10":0,"11":1,"12":1},"f":{"0":0,"1":0},"b":{}}
,"/Users/dennisesandoval/Desktop/PruebaTecnica/src/entities/Person.ts": {"path":"/Users/dennisesandoval/Desktop/PruebaTecnica/src/entities/Person.ts","statementMap":{"0":{"start":{"line":1,"column":0},"end":{"line":1,"column":86}},"1":{"start":{"line":2,"column":0},"end":{"line":2,"column":34}},"2":{"start":{"line":4,"column":7},"end":{"line":30,"column":null}},"3":{"start":{"line":5,"column":2},"end":{"line":6,"column":null}},"4":{"start":{"line":8,"column":2},"end":{"line":9,"column":null}},"5":{"start":{"line":11,"column":2},"end":{"line":12,"column":null}},"6":{"start":{"line":14,"column":2},"end":{"line":15,"column":null}},"7":{"start":{"line":17,"column":2},"end":{"line":18,"column":null}},"8":{"start":{"line":20,"column":2},"end":{"line":21,"column":null}},"9":{"start":{"line":23,"column":2},"end":{"line":24,"column":null}},"10":{"start":{"line":26,"column":2},"end":{"line":29,"column":null}},"11":{"start":{"line":26,"column":20},"end":{"line":26,"column":26}},"12":{"start":{"line":26,"column":38},"end":{"line":26,"column":51}},"13":{"start":{"line":4,"column":13},"end":{"line":30,"column":null}},"14":{"start":{"line":4,"column":13},"end":{"line":4,"column":19}}},"fnMap":{"0":{"name":"(anonymous_2)","decl":{"start":{"line":26,"column":12},"end":{"line":26,"column":16}},"loc":{"start":{"line":26,"column":20},"end":{"line":26,"column":26}}},"1":{"name":"(anonymous_3)","decl":{"start":{"line":26,"column":28},"end":{"line":26,"column":34}},"loc":{"start":{"line":26,"column":38},"end":{"line":26,"column":51}}}},"branchMap":{},"s":{"0":1,"1":1,"2":1,"3":1,"4":1,"5":1,"6":1,"7":1,"8":1,"9":1,"10":1,"11":0,"12":0,"13":1,"14":1},"f":{"0":0,"1":0},"b":{}}
,"/Users/dennisesandoval/Desktop/PruebaTecnica/src/routes/account.routes.ts": {"path":"/Users/dennisesandoval/Desktop/PruebaTecnica/src/routes/account.routes.ts","statementMap":{"0":{"start":{"line":1,"column":0},"end":{"line":1,"column":33}},"1":{"start":{"line":2,"column":0},"end":{"line":2,"column":101}},"2":{"start":{"line":3,"column":14},"end":{"line":3,"column":22}},"3":{"start":{"line":5,"column":0},"end":{"line":5,"column":null}},"4":{"start":{"line":6,"column":0},"end":{"line":6,"column":42}},"5":{"start":{"line":7,"column":0},"end":{"line":7,"column":45}},"6":{"start":{"line":9,"column":0},"end":{"line":9,"column":null}}},"fnMap":{},"branchMap":{},"s":{"0":1,"1":1,"2":1,"3":1,"4":1,"5":1,"6":1},"f":{},"b":{}}
,"/Users/dennisesandoval/Desktop/PruebaTecnica/src/routes/client.routes.ts": {"path":"/Users/dennisesandoval/Desktop/PruebaTecnica/src/routes/client.routes.ts","statementMap":{"0":{"start":{"line":1,"column":0},"end":{"line":1,"column":33}},"1":{"start":{"line":2,"column":0},"end":{"line":2,"column":93}},"2":{"start":{"line":4,"column":14},"end":{"line":4,"column":22}},"3":{"start":{"line":6,"column":0},"end":{"line":6,"column":39}},"4":{"start":{"line":7,"column":0},"end":{"line":7,"column":42}},"5":{"start":{"line":8,"column":0},"end":{"line":8,"column":45}},"6":{"start":{"line":10,"column":0},"end":{"line":10,"column":null}}},"fnMap":{},"branchMap":{},"s":{"0":1,"1":1,"2":1,"3":1,"4":1,"5":1,"6":1},"f":{},"b":{}}
,"/Users/dennisesandoval/Desktop/PruebaTecnica/src/routes/movement.routes.ts": {"path":"/Users/dennisesandoval/Desktop/PruebaTecnica/src/routes/movement.routes.ts","statementMap":{"0":{"start":{"line":1,"column":0},"end":{"line":1,"column":33}},"1":{"start":{"line":2,"column":0},"end":{"line":2,"column":133}},"2":{"start":{"line":3,"column":14},"end":{"line":3,"column":22}},"3":{"start":{"line":5,"column":0},"end":{"line":5,"column":44}},"4":{"start":{"line":6,"column":0},"end":{"line":6,"column":41}},"5":{"start":{"line":7,"column":0},"end":{"line":7,"column":75}},"6":{"start":{"line":8,"column":0},"end":{"line":8,"column":47}},"7":{"start":{"line":9,"column":0},"end":{"line":9,"column":50}},"8":{"start":{"line":11,"column":0},"end":{"line":11,"column":null}}},"fnMap":{},"branchMap":{},"s":{"0":1,"1":1,"2":1,"3":1,"4":1,"5":1,"6":1,"7":1,"8":1},"f":{},"b":{}}
}
